[2025-05-20 16:52:27] local.ERROR: SQLSTATE[HY000] [1698] Access denied for user 'root'@'localhost' (Connection: mysql, SQL: select * from information_schema.tables where table_schema = thedrop247 and table_name = migrations and table_type = 'BASE TABLE') {"exception":"[object] (Illuminate\\Database\\QueryException(code: 1698): SQLSTATE[HY000] [1698] Access denied for user 'root'@'localhost' (Connection: mysql, SQL: select * from information_schema.tables where table_schema = thedrop247 and table_name = migrations and table_type = 'BASE TABLE') at /mnt/c/Users/DELL/OneDrive/thedrop247-GEN/vendor/laravel/framework/src/Illuminate/Database/Connection.php:801)
[stacktrace]
#0 /mnt/c/Users/DELL/OneDrive/thedrop247-GEN/vendor/laravel/framework/src/Illuminate/Database/Connection.php(755): Illuminate\\Database\\Connection->runQueryCallback()
#1 /mnt/c/Users/DELL/OneDrive/thedrop247-GEN/vendor/laravel/framework/src/Illuminate/Database/Connection.php(424): Illuminate\\Database\\Connection->run()
#2 /mnt/c/Users/DELL/OneDrive/thedrop247-GEN/vendor/laravel/framework/src/Illuminate/Database/Connection.php(394): Illuminate\\Database\\Connection->select()
#3 /mnt/c/Users/DELL/OneDrive/thedrop247-GEN/vendor/laravel/framework/src/Illuminate/Database/Schema/MySqlBuilder.php(44): Illuminate\\Database\\Connection->selectFromWriteConnection()
#4 /mnt/c/Users/DELL/OneDrive/thedrop247-GEN/vendor/laravel/framework/src/Illuminate/Database/Migrations/DatabaseMigrationRepository.php(184): Illuminate\\Database\\Schema\\MySqlBuilder->hasTable()
#5 /mnt/c/Users/DELL/OneDrive/thedrop247-GEN/vendor/laravel/framework/src/Illuminate/Database/Migrations/Migrator.php(700): Illuminate\\Database\\Migrations\\DatabaseMigrationRepository->repositoryExists()
#6 /mnt/c/Users/DELL/OneDrive/thedrop247-GEN/vendor/laravel/framework/src/Illuminate/Database/Console/Migrations/MigrateCommand.php(140): Illuminate\\Database\\Migrations\\Migrator->repositoryExists()
#7 /mnt/c/Users/DELL/OneDrive/thedrop247-GEN/vendor/laravel/framework/src/Illuminate/Support/helpers.php(248): Illuminate\\Database\\Console\\Migrations\\MigrateCommand->Illuminate\\Database\\Console\\Migrations\\{closure}()
#8 /mnt/c/Users/DELL/OneDrive/thedrop247-GEN/vendor/laravel/framework/src/Illuminate/Database/Console/Migrations/MigrateCommand.php(159): retry()
#9 /mnt/c/Users/DELL/OneDrive/thedrop247-GEN/vendor/laravel/framework/src/Illuminate/Database/Console/Migrations/MigrateCommand.php(116): Illuminate\\Database\\Console\\Migrations\\MigrateCommand->repositoryExists()
#10 /mnt/c/Users/DELL/OneDrive/thedrop247-GEN/vendor/laravel/framework/src/Illuminate/Database/Console/Migrations/MigrateCommand.php(84): Illuminate\\Database\\Console\\Migrations\\MigrateCommand->prepareDatabase()
#11 /mnt/c/Users/DELL/OneDrive/thedrop247-GEN/vendor/laravel/framework/src/Illuminate/Database/Migrations/Migrator.php(633): Illuminate\\Database\\Console\\Migrations\\MigrateCommand->Illuminate\\Database\\Console\\Migrations\\{closure}()
#12 /mnt/c/Users/DELL/OneDrive/thedrop247-GEN/vendor/laravel/framework/src/Illuminate/Database/Console/Migrations/MigrateCommand.php(104): Illuminate\\Database\\Migrations\\Migrator->usingConnection()
#13 /mnt/c/Users/DELL/OneDrive/thedrop247-GEN/vendor/laravel/framework/src/Illuminate/Container/BoundMethod.php(36): Illuminate\\Database\\Console\\Migrations\\MigrateCommand->handle()
#14 /mnt/c/Users/DELL/OneDrive/thedrop247-GEN/vendor/laravel/framework/src/Illuminate/Container/Util.php(41): Illuminate\\Container\\BoundMethod::Illuminate\\Container\\{closure}()
#15 /mnt/c/Users/DELL/OneDrive/thedrop247-GEN/vendor/laravel/framework/src/Illuminate/Container/BoundMethod.php(93): Illuminate\\Container\\Util::unwrapIfClosure()
#16 /mnt/c/Users/DELL/OneDrive/thedrop247-GEN/vendor/laravel/framework/src/Illuminate/Container/BoundMethod.php(37): Illuminate\\Container\\BoundMethod::callBoundMethod()
#17 /mnt/c/Users/DELL/OneDrive/thedrop247-GEN/vendor/laravel/framework/src/Illuminate/Container/Container.php(662): Illuminate\\Container\\BoundMethod::call()
#18 /mnt/c/Users/DELL/OneDrive/thedrop247-GEN/vendor/laravel/framework/src/Illuminate/Console/Command.php(211): Illuminate\\Container\\Container->call()
#19 /mnt/c/Users/DELL/OneDrive/thedrop247-GEN/vendor/symfony/console/Command/Command.php(326): Illuminate\\Console\\Command->execute()
#20 /mnt/c/Users/DELL/OneDrive/thedrop247-GEN/vendor/laravel/framework/src/Illuminate/Console/Command.php(181): Symfony\\Component\\Console\\Command\\Command->run()
#21 /mnt/c/Users/DELL/OneDrive/thedrop247-GEN/vendor/symfony/console/Application.php(1081): Illuminate\\Console\\Command->run()
#22 /mnt/c/Users/DELL/OneDrive/thedrop247-GEN/vendor/symfony/console/Application.php(320): Symfony\\Component\\Console\\Application->doRunCommand()
#23 /mnt/c/Users/DELL/OneDrive/thedrop247-GEN/vendor/symfony/console/Application.php(174): Symfony\\Component\\Console\\Application->doRun()
#24 /mnt/c/Users/DELL/OneDrive/thedrop247-GEN/vendor/laravel/framework/src/Illuminate/Foundation/Console/Kernel.php(201): Symfony\\Component\\Console\\Application->run()
#25 /mnt/c/Users/DELL/OneDrive/thedrop247-GEN/artisan(37): Illuminate\\Foundation\\Console\\Kernel->handle()
#26 {main}

[previous exception] [object] (PDOException(code: 1698): SQLSTATE[HY000] [1698] Access denied for user 'root'@'localhost' at /mnt/c/Users/DELL/OneDrive/thedrop247-GEN/vendor/laravel/framework/src/Illuminate/Database/Connectors/Connector.php:65)
[stacktrace]
#0 /mnt/c/Users/DELL/OneDrive/thedrop247-GEN/vendor/laravel/framework/src/Illuminate/Database/Connectors/Connector.php(65): PDO->__construct()
#1 /mnt/c/Users/DELL/OneDrive/thedrop247-GEN/vendor/laravel/framework/src/Illuminate/Database/Connectors/Connector.php(45): Illuminate\\Database\\Connectors\\Connector->createPdoConnection()
#2 /mnt/c/Users/DELL/OneDrive/thedrop247-GEN/vendor/laravel/framework/src/Illuminate/Database/Connectors/MySqlConnector.php(24): Illuminate\\Database\\Connectors\\Connector->createConnection()
#3 /mnt/c/Users/DELL/OneDrive/thedrop247-GEN/vendor/laravel/framework/src/Illuminate/Database/Connectors/ConnectionFactory.php(184): Illuminate\\Database\\Connectors\\MySqlConnector->connect()
#4 [internal function]: Illuminate\\Database\\Connectors\\ConnectionFactory->Illuminate\\Database\\Connectors\\{closure}()
#5 /mnt/c/Users/DELL/OneDrive/thedrop247-GEN/vendor/laravel/framework/src/Illuminate/Database/Connection.php(1292): call_user_func()
#6 /mnt/c/Users/DELL/OneDrive/thedrop247-GEN/vendor/laravel/framework/src/Illuminate/Database/Connection.php(521): Illuminate\\Database\\Connection->getPdo()
#7 /mnt/c/Users/DELL/OneDrive/thedrop247-GEN/vendor/laravel/framework/src/Illuminate/Database/Connection.php(416): Illuminate\\Database\\Connection->getPdoForSelect()
#8 /mnt/c/Users/DELL/OneDrive/thedrop247-GEN/vendor/laravel/framework/src/Illuminate/Database/Connection.php(788): Illuminate\\Database\\Connection->Illuminate\\Database\\{closure}()
#9 /mnt/c/Users/DELL/OneDrive/thedrop247-GEN/vendor/laravel/framework/src/Illuminate/Database/Connection.php(755): Illuminate\\Database\\Connection->runQueryCallback()
#10 /mnt/c/Users/DELL/OneDrive/thedrop247-GEN/vendor/laravel/framework/src/Illuminate/Database/Connection.php(424): Illuminate\\Database\\Connection->run()
#11 /mnt/c/Users/DELL/OneDrive/thedrop247-GEN/vendor/laravel/framework/src/Illuminate/Database/Connection.php(394): Illuminate\\Database\\Connection->select()
#12 /mnt/c/Users/DELL/OneDrive/thedrop247-GEN/vendor/laravel/framework/src/Illuminate/Database/Schema/MySqlBuilder.php(44): Illuminate\\Database\\Connection->selectFromWriteConnection()
#13 /mnt/c/Users/DELL/OneDrive/thedrop247-GEN/vendor/laravel/framework/src/Illuminate/Database/Migrations/DatabaseMigrationRepository.php(184): Illuminate\\Database\\Schema\\MySqlBuilder->hasTable()
#14 /mnt/c/Users/DELL/OneDrive/thedrop247-GEN/vendor/laravel/framework/src/Illuminate/Database/Migrations/Migrator.php(700): Illuminate\\Database\\Migrations\\DatabaseMigrationRepository->repositoryExists()
#15 /mnt/c/Users/DELL/OneDrive/thedrop247-GEN/vendor/laravel/framework/src/Illuminate/Database/Console/Migrations/MigrateCommand.php(140): Illuminate\\Database\\Migrations\\Migrator->repositoryExists()
#16 /mnt/c/Users/DELL/OneDrive/thedrop247-GEN/vendor/laravel/framework/src/Illuminate/Support/helpers.php(248): Illuminate\\Database\\Console\\Migrations\\MigrateCommand->Illuminate\\Database\\Console\\Migrations\\{closure}()
#17 /mnt/c/Users/DELL/OneDrive/thedrop247-GEN/vendor/laravel/framework/src/Illuminate/Database/Console/Migrations/MigrateCommand.php(159): retry()
#18 /mnt/c/Users/DELL/OneDrive/thedrop247-GEN/vendor/laravel/framework/src/Illuminate/Database/Console/Migrations/MigrateCommand.php(116): Illuminate\\Database\\Console\\Migrations\\MigrateCommand->repositoryExists()
#19 /mnt/c/Users/DELL/OneDrive/thedrop247-GEN/vendor/laravel/framework/src/Illuminate/Database/Console/Migrations/MigrateCommand.php(84): Illuminate\\Database\\Console\\Migrations\\MigrateCommand->prepareDatabase()
#20 /mnt/c/Users/DELL/OneDrive/thedrop247-GEN/vendor/laravel/framework/src/Illuminate/Database/Migrations/Migrator.php(633): Illuminate\\Database\\Console\\Migrations\\MigrateCommand->Illuminate\\Database\\Console\\Migrations\\{closure}()
#21 /mnt/c/Users/DELL/OneDrive/thedrop247-GEN/vendor/laravel/framework/src/Illuminate/Database/Console/Migrations/MigrateCommand.php(104): Illuminate\\Database\\Migrations\\Migrator->usingConnection()
#22 /mnt/c/Users/DELL/OneDrive/thedrop247-GEN/vendor/laravel/framework/src/Illuminate/Container/BoundMethod.php(36): Illuminate\\Database\\Console\\Migrations\\MigrateCommand->handle()
#23 /mnt/c/Users/DELL/OneDrive/thedrop247-GEN/vendor/laravel/framework/src/Illuminate/Container/Util.php(41): Illuminate\\Container\\BoundMethod::Illuminate\\Container\\{closure}()
#24 /mnt/c/Users/DELL/OneDrive/thedrop247-GEN/vendor/laravel/framework/src/Illuminate/Container/BoundMethod.php(93): Illuminate\\Container\\Util::unwrapIfClosure()
#25 /mnt/c/Users/DELL/OneDrive/thedrop247-GEN/vendor/laravel/framework/src/Illuminate/Container/BoundMethod.php(37): Illuminate\\Container\\BoundMethod::callBoundMethod()
#26 /mnt/c/Users/DELL/OneDrive/thedrop247-GEN/vendor/laravel/framework/src/Illuminate/Container/Container.php(662): Illuminate\\Container\\BoundMethod::call()
#27 /mnt/c/Users/DELL/OneDrive/thedrop247-GEN/vendor/laravel/framework/src/Illuminate/Console/Command.php(211): Illuminate\\Container\\Container->call()
#28 /mnt/c/Users/DELL/OneDrive/thedrop247-GEN/vendor/symfony/console/Command/Command.php(326): Illuminate\\Console\\Command->execute()
#29 /mnt/c/Users/DELL/OneDrive/thedrop247-GEN/vendor/laravel/framework/src/Illuminate/Console/Command.php(181): Symfony\\Component\\Console\\Command\\Command->run()
#30 /mnt/c/Users/DELL/OneDrive/thedrop247-GEN/vendor/symfony/console/Application.php(1081): Illuminate\\Console\\Command->run()
#31 /mnt/c/Users/DELL/OneDrive/thedrop247-GEN/vendor/symfony/console/Application.php(320): Symfony\\Component\\Console\\Application->doRunCommand()
#32 /mnt/c/Users/DELL/OneDrive/thedrop247-GEN/vendor/symfony/console/Application.php(174): Symfony\\Component\\Console\\Application->doRun()
#33 /mnt/c/Users/DELL/OneDrive/thedrop247-GEN/vendor/laravel/framework/src/Illuminate/Foundation/Console/Kernel.php(201): Symfony\\Component\\Console\\Application->run()
#34 /mnt/c/Users/DELL/OneDrive/thedrop247-GEN/artisan(37): Illuminate\\Foundation\\Console\\Kernel->handle()
#35 {main}
"} 
